<?xml version="1.0" encoding="UTF-8"?>
<specification xmlns:xsi="http://www.w3.org/2001/XMLSchema-instance"
               xmlns="http://github.com/JavaVisRec/visrec-tck/audit"
               xsi:schemaLocation="http://github.com/JavaVisRec/visrec-tck/audit"
               name="JSR 381 Visual Recognition" version="1.0.0" id="JSR 381"
               generateSectionIds="false">
    <!-- Disabled the setup of the TCK because the setup is not required as of now. Enable and modify
    the section if it's needed. -->
    <!-- <section id="0" title="TCK Setup">
        Tests class TCKSetupTest
        <group>
            <text>Tests the correct setup of the TCK</text>
            <assertion id="Setup">
                <text>Ensure an implementation of
                    org.javamoney.tck.JSR354TestConfiguration is registered using the
                    java.util.ServiceLoader.
                </text>
            </assertion>
        </group>
    </section> -->
    <section id="1" title="Introduction, Use Cases, Requirements (no tests)"/>
    <section id="2" title="Use Cases"/>
    <section id="3" title="Requirements"/>
    <section id="3.1" title="Core Requirements"/>
    <section id="3.4" title="Non Functional Requirements"/>

    <section id="4" title="Specification"/>

    <!-- **************************************************************** ****
        Core API **************************************************************** -->
    <section id="4.1" title="Package and Project Structure"/>
    <section id="4.1.1" title="Package Overview"/>
    <section id="4.1.2" title="Module/Repository Overview"/>
    <section id="4.2" title="Visual Recognition Core API"/>
    <section id="4.2.1" title="Service Provider Usability">
        <group>
            <text>A. Accessing the Service Provider</text>
            <assertion id="421-A1">
                <text>Ensure there's a minimum of a single implementation of the Service Provider</text>
            </assertion>
        </group>
        <group>
            <text>B. Obtain Services from the Service Provider</text>
            <assertion id="421-B1">
                <text>Obtain the implementation of BuilderService through the Service Provider</text>
            </assertion>
            <assertion id="421-B2">
                <text>Obtain the implementation of ClassifierService through the Service Provider</text>
            </assertion>
            <assertion id="421-B3">
                <text>Obtain the implementation of ImageFactoryService through the Service Provider</text>
            </assertion>
        </group>
    </section>
    <section id="4.2.2" title="Creation and Usage of the Classifier">
        <group>
            <text>A. Usage of the Classifier Service</text>
            <assertion id="422-A1">
                <text>Obtain the classifier with default supported source type (BufferedImage)
                    and default supported result type (String)</text>
            </assertion>
            <assertion id="422-A2">
                <text>Bad case: if the classifier could not be found by source and result type, it should
                throw a specific exception: ClassifierNotFoundException</text>
            </assertion>
        </group>

    </section>
    <!--<section id="4.2.1" title="Modelling of Currencies">-->
        <!--&lt;!&ndash; Tests class ModellingCurrenciesTest &ndash;&gt;-->
        <!--<group>-->
            <!--<text>A. Managing the Currency code</text>-->
            <!--<assertion id="421-A1">-->
                <!--<text>Ensure at least one javax.money.CurrencyUnit implementation-->
                    <!--is-->
                    <!--available and registered/accessible from Monetary.-->
                <!--</text>-->
            <!--</assertion>-->
            <!--<assertion id="421-A2">-->
                <!--<text>Test that currencies returned for same ISO currency code are-->
                    <!--equal, ensure when listing all available currencies, that the-->
                    <!--code-->
                    <!--is unique.-->
                <!--</text>-->
            <!--</assertion>-->
            <!--<assertion id="421-A3">-->
                <!--<text>Ensure all ISO 3-letters codes as defined by the JDK are also-->
                    <!--available from Monetary.-->
                <!--</text>-->
            <!--</assertion>-->
            <!--<assertion id="421-A4">-->
                <!--<text>Test that JDK currencies returned-->
                    <!--match the values of-->
                    <!--corresponding JDK Currency (code, numeric code,-->
                    <!--default fraction-->
                    <!--digits).-->
                <!--</text>-->
            <!--</assertion>-->
        <!--</group>-->
        <!--<group>-->
            <!--<text>B. Currency Unit Implementation Requirements</text>-->
            <!--<assertion id="421-B1">-->
                <!--<text>CurrencyUnit must implement hashCode.-->
                <!--</text>-->
            <!--</assertion>-->
            <!--<assertion id="421-B2">-->
                <!--<text>CurrencyUnit must implement equals.-->
                <!--</text>-->
            <!--</assertion>-->
            <!--<assertion id="421-B3">-->
                <!--<text>CurrencyUnit implementation must be Comparable.-->
                <!--</text>-->
            <!--</assertion>-->
            <!--<assertion id="421-B4">-->
                <!--<text>CurrencyUnit implementation must be immutable.-->
                <!--</text>-->
            <!--</assertion>-->
            <!--<assertion id="421-B5" testable="false">-->
                <!--<text>CurrencyUnit implementation must be thread safe.-->
                <!--</text>-->
            <!--</assertion>-->
            <!--<assertion id="421-B6">-->
                <!--<text>CurrencyUnit implementation must be serializable.-->
                <!--</text>-->
            <!--</assertion>-->
        <!--</group>-->
    <!--</section>-->

    <!--<section id="5" title="Meta-Data Contexts and Query Models"> -->
        <!-- Tested with API -->
    <!-- </section> -->
    <!-- <section id="5.1" title="Overview"/>
    <section id="5.2" title="AbstractContext"/>
    <section id="5.3" title="AbstractContextBuilder"/>
    <section id="5.3" title="AbstractQuery"/>
    <section id="5.3" title="AbstractQueryBuilder"/>

    <section id="6" title="Implementation Recommendations"/>
    <section id="6.1" title="Overview"/>
    <section id="6.2" title="Monetary Arithmetic"/>
    <section id="6.3" title="Numeric Precision"/> -->

    <section id="7" title="Examples"/>
</specification>
