<?xml version="1.0" encoding="UTF-8"?>
<!-- Generated by org.testng.reporters.JUnitReportReporter -->
<testsuite skipped="0" hostname="LAPTOP-FEUS1IDJ" name="jsr381.tck.TestRunner" tests="1" failures="0" timestamp="27 Aug 2018 19:37:10 GMT" time="0.229" errors="0">
  <testcase name="run" time="0.229" classname="jsr381.tck.TestRunner"/>
</testsuite> <!-- jsr381.tck.TestRunner -->
